<?xml version="1.0" encoding="UTF-8"?>
<!-- Generated by org.testng.reporters.JUnitReportReporter -->
<testsuite hostname="Laptop-249" failures="0" tests="1" name="tests.DemoTest" time="12.530" errors="0" timestamp="2024-11-18T13:58:37 IST" skipped="0">
  <testcase classname="tests.DemoTest" name="check_AutoDoc_H1Heading" time="12.530"/>
</testsuite> <!-- tests.DemoTest -->
